<?xml version="1.0" encoding="UTF-8"?>
<!-- Generated by org.testng.reporters.JUnitXMLReporter -->
<testsuite hostname="Bittechs-iMac.home" name="Test" tests="1" failures="1" timestamp="11 Mar 2016 02:03:07 GMT" time="12.478" errors="0">
  <testcase name="loginFB" time="12.465" classname="com.TestListner">
    <failure type="org.openqa.selenium.WebDriverException" message="document.getElementById(...) is null
Command duration or timeout: 9 milliseconds
Build info: version: &amp;apos;2.52.0&amp;apos;, revision: &amp;apos;4c2593c&amp;apos;, time: &amp;apos;2016-02-11 19:06:42&amp;apos;
System info: host: &amp;apos;Bittechs-iMac.home&amp;apos;, ip: &amp;apos;192.168.1.9&amp;apos;, os.name: &amp;apos;Mac OS X&amp;apos;, os.arch: &amp;apos;x86_64&amp;apos;, os.version: &amp;apos;10.10.5&amp;apos;, java.version: &amp;apos;1.8.0_73&amp;apos;
Driver info: org.openqa.selenium.firefox.FirefoxDriver
Capabilities [{applicationCacheEnabled=true, rotatable=false, handlesAlerts=true, databaseEnabled=true, version=44.0.2, platform=MAC, nativeEvents=false, acceptSslCerts=true, webStorageEnabled=true, locationContextEnabled=true, browserName=firefox, takesScreenshot=true, javascriptEnabled=true, cssSelectorsEnabled=true}]
Session ID: 4b8df7c9-cb45-024b-ab6e-9384e378e0fb">
      <![CDATA[org.openqa.selenium.WebDriverException: document.getElementById(...) is null
Command duration or timeout: 9 milliseconds
Build info: version: '2.52.0', revision: '4c2593c', time: '2016-02-11 19:06:42'
System info: host: 'Bittechs-iMac.home', ip: '192.168.1.9', os.name: 'Mac OS X', os.arch: 'x86_64', os.version: '10.10.5', java.version: '1.8.0_73'
Driver info: org.openqa.selenium.firefox.FirefoxDriver
Capabilities [{applicationCacheEnabled=true, rotatable=false, handlesAlerts=true, databaseEnabled=true, version=44.0.2, platform=MAC, nativeEvents=false, acceptSslCerts=true, webStorageEnabled=true, locationContextEnabled=true, browserName=firefox, takesScreenshot=true, javascriptEnabled=true, cssSelectorsEnabled=true}]
Session ID: 4b8df7c9-cb45-024b-ab6e-9384e378e0fb
	at org.openqa.selenium.remote.ErrorHandler.createThrowable(ErrorHandler.java:206)
	at org.openqa.selenium.remote.ErrorHandler.throwIfResponseFailed(ErrorHandler.java:158)
	at org.openqa.selenium.remote.RemoteWebDriver.execute(RemoteWebDriver.java:678)
	at org.openqa.selenium.remote.RemoteWebDriver.executeScript(RemoteWebDriver.java:577)
	at com.TestListner.loginFB(TestListner.java:23)
Caused by: org.openqa.selenium.WebDriverException: document.getElementById(...) is null
Build info: version: '2.52.0', revision: '4c2593c', time: '2016-02-11 19:06:42'
System info: host: 'Bittechs-iMac.home', ip: '192.168.1.9', os.name: 'Mac OS X', os.arch: 'x86_64', os.version: '10.10.5', java.version: '1.8.0_73'
Driver info: driver.version: unknown
	at <anonymous class>.anonymous(http://www.bluefly.com/special/shoes?so=pop&sosc=true&pid=cat1970656&activePrice=399~400 line 69 > Function:1)
	at <anonymous class>.handleEvaluateEvent(http://www.bluefly.com/special/shoes?so=pop&sosc=true&pid=cat1970656&activePrice=399~400:69)
... Removed 28 stack frames]]>
    </failure>
  </testcase> <!-- loginFB -->
</testsuite> <!-- Test -->
