<?xml version="1.0" encoding="UTF-8"?>
<!-- Generated by org.testng.reporters.JUnitXMLReporter -->
<testsuite hostname="Shahiduls-iMac.home" name="practice Grouping" tests="3" failures="0" timestamp="10 Mar 2016 01:46:49 GMT" time="0.02" errors="0">
  <testcase name="nissan" time="0.007" classname="com.bit.testNg.Grouping"/>
  <testcase name="toyota" time="0.001" classname="com.bit.testNg.Grouping"/>
  <testcase name="xyz" time="0.001" classname="com.bit.testNg.Grouping"/>
</testsuite> <!-- practice Grouping -->
