<?xml version="1.0" encoding="UTF-8"?>
<!-- Generated by org.testng.reporters.JUnitXMLReporter -->
<testsuite hostname="Shahiduls-iMac.home" name="Default test" tests="6" failures="0" timestamp="10 Mar 2016 00:52:02 GMT" time="54.772" errors="0">
  <testcase name="facebookLogIn" time="12.634" classname="com.bit.testNg.DataProviderPractice"/>
  <testcase name="facebookLogIn" time="8.418" classname="com.bit.testNg.DataProviderPractice"/>
  <testcase name="facebookLogIn" time="8.894" classname="com.bit.testNg.DataProviderPractice"/>
  <testcase name="logIntoFacebook" time="8.276" classname="com.bit.testNg.DataProviderPractice"/>
  <testcase name="logIntoFacebook" time="8.265" classname="com.bit.testNg.DataProviderPractice"/>
  <testcase name="logIntoFacebook" time="8.267" classname="com.bit.testNg.DataProviderPractice"/>
</testsuite> <!-- Default test -->
