<?xml version="1.0" encoding="UTF-8"?>
<!-- Generated by org.testng.reporters.JUnitXMLReporter -->
<testsuite hostname="Shahiduls-iMac.home" name="package run" tests="14" failures="0" timestamp="10 Mar 2016 02:02:32 GMT" time="54.213" errors="0">
  <testcase name="m2" time="0.003" classname="com.bit.testNg.BasicAnnotation"/>
  <testcase name="m1" time="0.001" classname="com.bit.testNg.BasicAnnotation"/>
  <testcase name="facebookLogIn" time="8.956" classname="com.bit.testNg.DataProviderPractice"/>
  <testcase name="facebookLogIn" time="8.303" classname="com.bit.testNg.DataProviderPractice"/>
  <testcase name="facebookLogIn" time="8.348" classname="com.bit.testNg.DataProviderPractice"/>
  <testcase name="logIntoFacebook" time="8.433" classname="com.bit.testNg.DataProviderPractice"/>
  <testcase name="logIntoFacebook" time="11.759" classname="com.bit.testNg.DataProviderPractice"/>
  <testcase name="logIntoFacebook" time="8.381" classname="com.bit.testNg.DataProviderPractice"/>
  <testcase name="abc" time="0.001" classname="com.bit.testNg.Grouping"/>
  <testcase name="lambo" time="0.0" classname="com.bit.testNg.Grouping"/>
  <testcase name="nissan" time="0.0" classname="com.bit.testNg.Grouping"/>
  <testcase name="sample" time="0.0" classname="com.bit.testNg.Grouping"/>
  <testcase name="toyota" time="0.0" classname="com.bit.testNg.Grouping"/>
  <testcase name="xyz" time="0.001" classname="com.bit.testNg.Grouping"/>
</testsuite> <!-- package run -->
